#
# A fatal error has been detected by the Java Runtime Environment:
#
#  EXCEPTION_ACCESS_VIOLATION (0xc0000005) at pc=0x6d0b6ae0, pid=6912, tid=7940
#
# JRE version: 6.0_20-b02
# Java VM: Java HotSpot(TM) Client VM (16.3-b01 mixed mode, sharing windows-x86 )
# Problematic frame:
# C  [awt.dll+0xb6ae0]
#
# If you would like to submit a bug report, please visit:
#   http://java.sun.com/webapps/bugreport/crash.jsp
# The crash happened outside the Java Virtual Machine in native code.
# See problematic frame for where to report the bug.
#

---------------  T H R E A D  ---------------

Current thread (0x03f7c800):  JavaThread "AWT-Windows" daemon [_thread_in_native, id=7940, stack(0x046c0000,0x04710000)]

siginfo: ExceptionCode=0xc0000005, reading address 0x00000000

Registers:
EAX=0x0470f4a4, EBX=0x03ffe060, ECX=0x0000016e, EDX=0x00000180
ESP=0x0470f48c, EBP=0x0470f638, ESI=0x00000000, EDI=0x00000180
EIP=0x6d0b6ae0, EFLAGS=0x00010202

Top of Stack: (sp=0x0470f48c)
0x0470f48c:   0470f4a4 00001000 0000022e 0546ba18
0x0470f49c:   00000297 0000022f 0546ba18 6d0aed0b
0x0470f4ac:   00000000 01b56078 0546ba18 0546ba18
0x0470f4bc:   0470f49c 0470f638 000002a2 0000022f
0x0470f4cc:   0546ba18 6d0b26cf 440bc000 44288000
0x0470f4dc:   0000022f 000002a2 01b56064 6d0b3191
0x0470f4ec:   6d0b362d 00000000 0000026e 0000022e
0x0470f4fc:   00000297 00009824 03f7c910 00000001 

Instructions: (pc=0x6d0b6ae0)
0x6d0b6ad0:   05 00 20 00 00 50 c1 e2 05 8d 44 24 14 50 8b fa
0x6d0b6ae0:   8b 16 57 c1 e1 05 51 56 ff 52 2c 85 c0 0f 8c 93 


Stack: [0x046c0000,0x04710000],  sp=0x0470f48c,  free space=13d0470efc0k
Native frames: (J=compiled Java code, j=interpreted, Vv=VM code, C=native code)
C  [awt.dll+0xb6ae0]
C  [awt.dll+0x9c6ec]
C  [USER32.dll+0x1f8d2]
C  [USER32.dll+0x1f794]
C  [USER32.dll+0x20817]
C  [USER32.dll+0x20a65]
C  [ntdll.dll+0x5962e]
C  [USER32.dll+0x1ff18]

Java frames: (J=compiled Java code, j=interpreted, Vv=VM code)
j  sun.awt.windows.WToolkit.eventLoop()V+0
j  sun.awt.windows.WToolkit.run()V+77
j  java.lang.Thread.run()V+11
v  ~StubRoutines::call_stub

---------------  P R O C E S S  ---------------

Java Threads: ( => current thread )
  0x03efa800 JavaThread "D3D Screen Updater" daemon [_thread_blocked, id=6440, stack(0x091f0000,0x09240000)]
  0x04087400 JavaThread "AWT-EventQueue-0" [_thread_in_native, id=6700, stack(0x08ba0000,0x08bf0000)]
  0x01acac00 JavaThread "AWT-Shutdown" [_thread_blocked, id=7560, stack(0x08b50000,0x08ba0000)]
  0x01ac7400 JavaThread "!ComponentManager.CallbackQueueThreadTitle!" [_thread_blocked, id=7840, stack(0x04670000,0x046c0000)]
  0x04076400 JavaThread "Connection Thread" [_thread_in_native, id=2116, stack(0x045d0000,0x04620000)]
=>0x03f7c800 JavaThread "AWT-Windows" daemon [_thread_in_native, id=7940, stack(0x046c0000,0x04710000)]
  0x03f7b800 JavaThread "Java2D Disposer" daemon [_thread_blocked, id=7580, stack(0x04620000,0x04670000)]
  0x03f1f400 JavaThread "Connection Thread" [_thread_in_native, id=7896, stack(0x04220000,0x04270000)]
  0x03f03800 JavaThread "Timeout Termination Thread" [_thread_blocked, id=6420, stack(0x04110000,0x04160000)]
  0x03eff400 JavaThread "Server Thread-Project (TestChess)-VM for TestChess" [_thread_in_native, id=6196, stack(0x040c0000,0x04110000)]
  0x01b39c00 JavaThread "Low Memory Detector" daemon [_thread_blocked, id=6336, stack(0x03e20000,0x03e70000)]
  0x01b2dc00 JavaThread "CompilerThread0" daemon [_thread_blocked, id=6580, stack(0x03dd0000,0x03e20000)]
  0x01b2cc00 JavaThread "Attach Listener" daemon [_thread_blocked, id=4412, stack(0x03d80000,0x03dd0000)]
  0x01b27c00 JavaThread "Signal Dispatcher" daemon [_thread_blocked, id=2296, stack(0x03d30000,0x03d80000)]
  0x01ae2c00 JavaThread "Finalizer" daemon [_thread_blocked, id=4896, stack(0x03ce0000,0x03d30000)]
  0x01ae1400 JavaThread "Reference Handler" daemon [_thread_blocked, id=4824, stack(0x01930000,0x01980000)]
  0x019aa400 JavaThread "main" [_thread_blocked, id=7920, stack(0x00330000,0x00380000)]

Other Threads:
  0x01ae0400 VMThread [stack: 0x01550000,0x015a0000] [id=5356]
  0x01b4b000 WatcherThread [stack: 0x03e70000,0x03ec0000] [id=720]

VM state:not at safepoint (normal execution)

VM Mutex/Monitor currently owned by a thread: None

Heap
 def new generation   total 4928K, used 2803K [0x24300000, 0x24850000, 0x29850000)
  eden space 4416K,  59% used [0x24300000, 0x24595cf0, 0x24750000)
  from space 512K,  30% used [0x24750000, 0x24777268, 0x247d0000)
  to   space 512K,   0% used [0x247d0000, 0x247d0000, 0x24850000)
 tenured generation   total 10944K, used 3156K [0x29850000, 0x2a300000, 0x34300000)
   the space 10944K,  28% used [0x29850000, 0x29b652a0, 0x29b65400, 0x2a300000)
 compacting perm gen  total 12288K, used 1614K [0x34300000, 0x34f00000, 0x38300000)
   the space 12288K,  13% used [0x34300000, 0x344939a8, 0x34493a00, 0x34f00000)
    ro space 10240K,  51% used [0x38300000, 0x3882ae00, 0x3882ae00, 0x38d00000)
    rw space 12288K,  54% used [0x38d00000, 0x393972d8, 0x39397400, 0x39900000)

Dynamic libraries:
0x00400000 - 0x00424000 	C:\Program Files\Java\jre6\bin\javaw.exe
0x77aa0000 - 0x77bc8000 	C:\Windows\system32\ntdll.dll
0x77740000 - 0x7781c000 	C:\Windows\system32\kernel32.dll
0x76610000 - 0x766d6000 	C:\Windows\system32\ADVAPI32.dll
0x77450000 - 0x77512000 	C:\Windows\system32\RPCRT4.dll
0x76870000 - 0x7690d000 	C:\Windows\system32\USER32.dll
0x779f0000 - 0x77a3b000 	C:\Windows\system32\GDI32.dll
0x766e0000 - 0x766fe000 	C:\Windows\system32\IMM32.DLL
0x76540000 - 0x76608000 	C:\Windows\system32\MSCTF.dll
0x76440000 - 0x764ea000 	C:\Windows\system32\msvcrt.dll
0x77820000 - 0x77829000 	C:\Windows\system32\LPK.DLL
0x767e0000 - 0x7685d000 	C:\Windows\system32\USP10.dll
0x7c340000 - 0x7c396000 	C:\Program Files\Java\jre6\bin\msvcr71.dll
0x6d800000 - 0x6da97000 	C:\Program Files\Java\jre6\bin\client\jvm.dll
0x74ce0000 - 0x74d12000 	C:\Windows\system32\WINMM.dll
0x77520000 - 0x77664000 	C:\Windows\system32\ole32.dll
0x77c70000 - 0x77cfd000 	C:\Windows\system32\OLEAUT32.dll
0x74ad0000 - 0x74b09000 	C:\Windows\system32\OLEACC.dll
0x76140000 - 0x7616c000 	C:\Windows\system32\apphelp.dll
0x6d7b0000 - 0x6d7bc000 	C:\Program Files\Java\jre6\bin\verify.dll
0x6d330000 - 0x6d34f000 	C:\Program Files\Java\jre6\bin\java.dll
0x6d290000 - 0x6d298000 	C:\Program Files\Java\jre6\bin\hpi.dll
0x76300000 - 0x76307000 	C:\Windows\system32\PSAPI.DLL
0x6d7f0000 - 0x6d7ff000 	C:\Program Files\Java\jre6\bin\zip.dll
0x6d610000 - 0x6d623000 	C:\Program Files\Java\jre6\bin\net.dll
0x77420000 - 0x7744d000 	C:\Windows\system32\WS2_32.dll
0x76860000 - 0x76866000 	C:\Windows\system32\NSI.dll
0x75860000 - 0x7589b000 	C:\Windows\system32\mswsock.dll
0x758c0000 - 0x758c5000 	C:\Windows\System32\wship6.dll
0x75970000 - 0x75975000 	C:\Windows\System32\wshtcpip.dll
0x747d0000 - 0x747df000 	C:\Windows\system32\NLAapi.dll
0x75c20000 - 0x75c39000 	C:\Windows\system32\IPHLPAPI.DLL
0x75be0000 - 0x75c15000 	C:\Windows\system32\dhcpcsvc.DLL
0x76110000 - 0x7613c000 	C:\Windows\system32\DNSAPI.dll
0x761a0000 - 0x761b4000 	C:\Windows\system32\Secur32.dll
0x760e0000 - 0x760e7000 	C:\Windows\system32\WINNSI.DLL
0x75bb0000 - 0x75bd1000 	C:\Windows\system32\dhcpcsvc6.DLL
0x72cf0000 - 0x72cff000 	C:\Windows\system32\napinsp.dll
0x72690000 - 0x726a2000 	C:\Windows\system32\pnrpnsp.dll
0x726f0000 - 0x726f8000 	C:\Windows\System32\winrnr.dll
0x764f0000 - 0x7653a000 	C:\Windows\system32\WLDAP32.dll
0x72980000 - 0x729a5000 	C:\Program Files\Bonjour\mdnsNSP.dll
0x726e0000 - 0x726ec000 	C:\Windows\system32\wshbth.dll
0x77860000 - 0x779ea000 	C:\Windows\system32\SETUPAPI.dll
0x72700000 - 0x72706000 	C:\Windows\system32\rasadhlp.dll
0x6d000000 - 0x6d14a000 	C:\Program Files\Java\jre6\bin\awt.dll
0x75090000 - 0x750d2000 	C:\Windows\system32\WINSPOOL.DRV
0x74e70000 - 0x7500e000 	C:\Windows\WinSxS\x86_microsoft.windows.common-controls_6595b64144ccf1df_6.0.6001.18523_none_5cdd65e20837faf2\COMCTL32.dll
0x77a40000 - 0x77a98000 	C:\Windows\system32\SHLWAPI.dll
0x707e0000 - 0x707ec000 	C:\Windows\system32\DWMAPI.DLL
0x75170000 - 0x751af000 	C:\Windows\system32\uxtheme.dll
0x047d0000 - 0x0482a000 	C:\Program Files\360\360safe\safemon\safemon.dll
0x76910000 - 0x77420000 	C:\Windows\system32\SHELL32.dll
0x6c120000 - 0x6c186000 	C:\Windows\system32\MSVCP60.dll
0x75990000 - 0x75998000 	C:\Windows\system32\VERSION.dll
0x6d230000 - 0x6d284000 	C:\Program Files\Java\jre6\bin\fontmanager.dll
0x6cbd0000 - 0x6cd8a000 	C:\Windows\system32\d3d9.dll
0x74550000 - 0x74556000 	C:\Windows\system32\d3d8thk.dll
0x74db0000 - 0x74db8000 	C:\Windows\system32\atiu9pag.dll
0x64c80000 - 0x65051000 	C:\Windows\system32\atiumdag.dll
0x64820000 - 0x64c78000 	C:\Windows\system32\atiumdva.dll
0x6d630000 - 0x6d639000 	C:\Program Files\Java\jre6\bin\nio.dll
0x10000000 - 0x10012000 	C:\Program Files\Lenovo\HOTKEY\hkvolkey.dll

VM Arguments:
jvm_args: -Dproxyvm.registryKey=32122498 -Dproxyvm.masterPort=39900 -Dproxyvm.bufsize=16000 -Dproxyvm.servername=Project (TestChess)-VM for TestChess -Xverify:none -Dfile.encoding=GBK 
java_command: org.eclipse.jem.internal.proxy.vm.remote.RemoteVMApplication
Launcher Type: SUN_STANDARD

Environment Variables:
JAVA_HOME=C:\Java\jdk1.7.0
CLASSPATH=.;C:\Program Files\Java\jre6\lib\ext\QTJava.zip;C:\JavaWork\lucene\lucene-3.0.3\lucene-core-3.0.3.jar;C:\JavaWork\lucene\lucene-3.0.3\lucene-demos-3.0.3.jar
PATH=C:/Program Files/Java/jre7/bin/client;C:/Program Files/Java/jre7/bin;c:\ctex\localt~1\ty\bin;c:\ctex\localt~1\cct\bin;c:\ctex\texmf\miktex\bin;c:\ctex\gs\gs8.50\bin;c:\ctex\winedt;C:\Windows\system32;C:\Windows;C:\Windows\system32\wbem;c:\program files\thinkpad\bluetooth software\;c:\program files\ati technologies\ati.ace\core-static;c:\program files\common files\lenovo;c:\program files\thinkpad\connectutilities\;c:\program files\lenovo\client security solution;c:\program files\ringz studio\storm codec\qtsystem\;c:\program files\graphviz2.26.3\bin;c:\lamp\mysql5\bin;c:\lamp\php5;C:\Windows\system32\windowspowershell\v1.0\;c:\java\jdk1.7.0\bin;c:\program files\microsoft sql server\90\tools\binn\;c:\opencv2.2\bin;c:\program files\cmake 2.8\bin;c:\opencv2.2\cv2008\bin;C:\Program Files\MATLAB71\bin\win32;C:\Android\android-sdk-windows\tools
USERNAME=Louis
OS=Windows_NT
PROCESSOR_IDENTIFIER=x86 Family 6 Model 23 Stepping 6, GenuineIntel



---------------  S Y S T E M  ---------------

OS: Windows Vista Build 6001 Service Pack 1

CPU:total 2 (2 cores per cpu, 1 threads per core) family 6 model 23 stepping 6, cmov, cx8, fxsr, mmx, sse, sse2, sse3, ssse3, sse4.1

Memory: 4k page, physical 1989896k(363504k free), swap 4232616k(761956k free)

vm_info: Java HotSpot(TM) Client VM (16.3-b01) for windows-x86 JRE (1.6.0_20-b02), built on Apr 12 2010 13:52:23 by "java_re" with MS VC++ 7.1 (VS2003)

time: Fri Aug 12 18:25:22 2011
elapsed time: 22741 seconds

